  nseel-caltab.c
  nseel-cfunc.c
  nseel-compiler.c
  nseel-eval.c
  nseel-lextab.c
  nseel-ram.c
  nseel-yylex.c
  fft.c
  lice.cpp
  lice_arc.cpp
  lice_bmp.cpp
  lice_ico.cpp
  lice_image.cpp
  lice_line.cpp
  lice_lvg.cpp
  lice_pcx.cpp
c1xx : fatal error C1083: Cannot open source file: '..\lice\lice_pcx.cpp': No such file or directory
c1xx : fatal error C1083: Cannot open source file: '..\lice\lice_line.cpp': No such file or directory
c1xx : fatal error C1083: Cannot open source file: '..\lice\lice_image.cpp': No such file or directory
c1xx : fatal error C1083: Cannot open source file: '..\lice\lice_arc.cpp': No such file or directory
c1xx : fatal error C1083: Cannot open source file: '..\lice\lice_ico.cpp': No such file or directory
c1xx : fatal error C1083: Cannot open source file: '..\lice\lice_lvg.cpp': No such file or directory
c1xx : fatal error C1083: Cannot open source file: '..\lice\lice_bmp.cpp': No such file or directory
  lice_text.cpp
  lice_textnew.cpp
  loose_eel.cpp
c1xx : fatal error C1083: Cannot open source file: '..\lice\lice.cpp': No such file or directory
c1xx : fatal error C1083: Cannot open source file: '..\lice\lice_text.cpp': No such file or directory
c1xx : fatal error C1083: Cannot open source file: '..\lice\lice_textnew.cpp': No such file or directory
C:\dev\EasyEEL2\deps\WDL\eel2\eel_net.h(208,7): error C3861: 'SET_SOCK_DEFAULTS': identifier not found (compiling source file .\loose_eel.cpp)
C:\dev\EasyEEL2\deps\WDL\eel2\eel_net.h(233,3): error C3861: 'SET_SOCK_DEFAULTS': identifier not found (compiling source file .\loose_eel.cpp)
C:\dev\EasyEEL2\deps\WDL\eel2\eel_net.h(278,3): error C3861: 'SET_SOCK_DEFAULTS': identifier not found (compiling source file .\loose_eel.cpp)
C:\dev\EasyEEL2\deps\WDL\eel2\eel_lice.h(124,10): fatal error C1083: Cannot open include file: '../lice/lice.h': No such file or directory (compiling source file .\loose_eel.cpp)
